<?xml version="1.0" encoding="UTF-8"?>
<testsuite name="com.template.demo.TestHelloWorld" tests="1" skipped="0" failures="0" errors="0" timestamp="2024-02-23T06:32:47" hostname="CAI1130LT00113.local" time="0.004">
  <properties/>
  <testcase name="testHelloWorld" classname="com.template.demo.TestHelloWorld" time="0.004"/>
  <system-out><![CDATA[]]></system-out>
  <system-err><![CDATA[]]></system-err>
</testsuite>
